2026-05-21 16:13:17.371323: I external/local_xla/xla/tsl/cuda/cudart_stub.cc:31] Could not find cuda drivers on your machine, GPU will not be used.
2026-05-21 16:13:17.466184: I tensorflow/core/platform/cpu_feature_guard.cc:210] This TensorFlow binary is optimized to use available CPU instructions in performance-critical operations.
To enable the following instructions: AVX2 FMA, in other operations, rebuild TensorFlow with the appropriate compiler flags.
2026-05-21 16:13:22.087269: I external/local_xla/xla/tsl/cuda/cudart_stub.cc:31] Could not find cuda drivers on your machine, GPU will not be used.
======================================================================
Heart Sound Model Quantization for ESP32
======================================================================
[*] Auto-selected SavedModel path: ./dogs_and_cats_yamnet_test
[*] Loading SavedModel from ./dogs_and_cats_yamnet_test...
2026-05-21 16:13:29.322462: E external/local_xla/xla/stream_executor/cuda/cuda_platform.cc:51] failed call to cuInit: INTERNAL: CUDA error: Failed call to cuInit: UNKNOWN ERROR (303)
[✓] SavedModel loaded successfully
    Available signatures: ['serve', 'serving_default']
[*] Serving input tensor name: audio

[*] Converting to TFLite Float32...
WARNING: All log messages before absl::InitializeLog() is called are written to STDERR
W0000 00:00:1779376412.182533 1072375 tf_tfl_flatbuffer_helpers.cc:364] Ignored output_format.
W0000 00:00:1779376412.182568 1072375 tf_tfl_flatbuffer_helpers.cc:367] Ignored drop_control_dependency.
2026-05-21 16:13:32.183601: I tensorflow/cc/saved_model/reader.cc:83] Reading SavedModel from: ./dogs_and_cats_yamnet_test
2026-05-21 16:13:32.191499: I tensorflow/cc/saved_model/reader.cc:52] Reading meta graph with tags { serve }
2026-05-21 16:13:32.191550: I tensorflow/cc/saved_model/reader.cc:147] Reading SavedModel debug info (if present) from: ./dogs_and_cats_yamnet_test
I0000 00:00:1779376412.264082 1072375 mlir_graph_optimization_pass.cc:437] MLIR V1 optimization pass is not enabled
2026-05-21 16:13:32.271191: I tensorflow/cc/saved_model/loader.cc:236] Restoring SavedModel bundle.
2026-05-21 16:13:32.611999: I tensorflow/cc/saved_model/loader.cc:220] Running initialization op on SavedModel bundle at path: ./dogs_and_cats_yamnet_test
2026-05-21 16:13:32.733654: I tensorflow/cc/saved_model/loader.cc:471] SavedModel load for tags { serve }; Status: success: OK. Took 550054 microseconds.
2026-05-21 16:13:32.873112: I tensorflow/compiler/mlir/tensorflow/utils/dump_mlir_util.cc:269] disabling MLIR crash reproducer, set env var `MLIR_CRASH_REPRODUCER_DIRECTORY` to enable.
[✓] Float32 model saved: ./tflite_models/heart_sound_model_float32.tflite (14.30 MB)

[*] Converting to TFLite INT8 (quantized)...
W0000 00:00:1779376415.944976 1072375 tf_tfl_flatbuffer_helpers.cc:364] Ignored output_format.
W0000 00:00:1779376415.945017 1072375 tf_tfl_flatbuffer_helpers.cc:367] Ignored drop_control_dependency.
2026-05-21 16:13:35.945341: I tensorflow/cc/saved_model/reader.cc:83] Reading SavedModel from: ./dogs_and_cats_yamnet_test
2026-05-21 16:13:35.952362: I tensorflow/cc/saved_model/reader.cc:52] Reading meta graph with tags { serve }
2026-05-21 16:13:35.952407: I tensorflow/cc/saved_model/reader.cc:147] Reading SavedModel debug info (if present) from: ./dogs_and_cats_yamnet_test
2026-05-21 16:13:36.022418: I tensorflow/cc/saved_model/loader.cc:236] Restoring SavedModel bundle.
2026-05-21 16:13:36.391304: I tensorflow/cc/saved_model/loader.cc:220] Running initialization op on SavedModel bundle at path: ./dogs_and_cats_yamnet_test
2026-05-21 16:13:36.509835: I tensorflow/cc/saved_model/loader.cc:471] SavedModel load for tags { serve }; Status: success: OK. Took 564499 microseconds.
[*] Creating representative dataset from 100 samples...
[*] Collected 100 representative samples
/home/nujoka/yoloenv/lib/python3.11/site-packages/tensorflow/lite/python/interpreter.py:457: UserWarning:     Warning: tf.lite.Interpreter is deprecated and is scheduled for deletion in
    TF 2.20. Please use the LiteRT interpreter from the ai_edge_litert package.
    See the [migration guide](https://ai.google.dev/edge/litert/migration)
    for details.
    
  warnings.warn(_INTERPRETER_DELETION_WARNING)
fully_quantize: 0, inference_type: 6, input_inference_type: INT8, output_inference_type: INT8
2026-05-21 16:13:52.610229: W tensorflow/compiler/mlir/lite/flatbuffer_export.cc:3705] Skipping runtime version metadata in the model. This will be generated by the exporter.
[✓] INT8 model saved: ./tflite_models/heart_sound_model_int8.tflite (3996.96 KB)

[*] Validating TFLite model: ./tflite_models/heart_sound_model_int8.tflite
INFO: Created TensorFlow Lite XNNPACK delegate for CPU.
[*] Input details: [{'name': 'serving_default_audio:0', 'index': 0, 'shape': array([1, 1], dtype=int32), 'shape_signature': array([-1, -1], dtype=int32), 'dtype': <class 'numpy.int8'>, 'quantization': (0.007843135856091976, 0), 'quantization_parameters': {'scales': array([0.00784314], dtype=float32), 'zero_points': array([0], dtype=int32), 'quantized_dimension': 0}, 'sparsity_parameters': {}}]
[*] Output details: [{'name': 'StatefulPartitionedCall_1:0', 'index': 201, 'shape': array([5], dtype=int32), 'shape_signature': array([5], dtype=int32), 'dtype': <class 'numpy.int8'>, 'quantization': (0.1514892727136612, 92), 'quantization_parameters': {'scales': array([0.15148927], dtype=float32), 'zero_points': array([92], dtype=int32), 'quantized_dimension': 0}, 'sparsity_parameters': {}}]

[*] Generating C header for embedding in firmware...
[✓] C header generated: ./tflite_models/model_data.h
    Model size in header: 4092888 bytes

[✓] Quantization report: ./tflite_models/QUANTIZATION_REPORT.txt

======================================================================
✓ QUANTIZATION COMPLETE
======================================================================

Output files:
  1. ./tflite_models/heart_sound_model_float32.tflite
  2. ./tflite_models/heart_sound_model_int8.tflite
  3. ./tflite_models/model_data.h
  4. ./tflite_models/QUANTIZATION_REPORT.txt

Next steps:
  - Review quantization report for accuracy impact
  - Use ./tflite_models/model_data.h in ESP32 firmware
  - Validate model inference on target hardware
